<?xml version="1.0" encoding="UTF-8"?>
<testng-results skipped="0" failed="0" total="1" passed="1">
  <reporter-output>
    <line>
      <![CDATA[Executing A]]>
    </line>
    <line>
      <![CDATA[Req page is displayed]]>
    </line>
    <line>
      <![CDATA[Element is visible]]>
    </line>
    <line>
      <![CDATA[Req page is displayed]]>
    </line>
    <line>
      <![CDATA[Test:TestA is Pass ]]>
    </line>
    <line>
      <![CDATA[TestcasesTestA Status:Pass]]>
    </line>
  </reporter-output>
  <suite name="Suite" duration-ms="11432" started-at="2018-10-12T04:55:51Z" finished-at="2018-10-12T04:56:02Z">
    <groups>
      <group name="smoke">
        <method signature="DemoA.TestA()[pri:1, instance:script.DemoA@1604f19]" name="TestA" class="script.DemoA"/>
      </group> <!-- smoke -->
    </groups>
    <test name="Test" duration-ms="11432" started-at="2018-10-12T04:55:51Z" finished-at="2018-10-12T04:56:02Z">
      <class name="script.DemoA">
        <test-method status="PASS" signature="OpenApp(java.lang.String, java.lang.String)[pri:0, instance:script.DemoA@1604f19]" name="OpenApp" is-config="true" duration-ms="5839" started-at="2018-10-12T10:25:51Z" finished-at="2018-10-12T10:25:57Z">
          <params>
            <param index="0">
              <value>
                <![CDATA[localhost]]>
              </value>
            </param>
            <param index="1">
              <value>
                <![CDATA[chrome]]>
              </value>
            </param>
          </params>
          <reporter-output>
          </reporter-output>
        </test-method> <!-- OpenApp -->
        <test-method status="PASS" signature="TestA()[pri:1, instance:script.DemoA@1604f19]" name="TestA" duration-ms="4830" started-at="2018-10-12T10:25:57Z" finished-at="2018-10-12T10:26:01Z">
          <reporter-output>
            <line>
              <![CDATA[Executing A]]>
            </line>
            <line>
              <![CDATA[Req page is displayed]]>
            </line>
            <line>
              <![CDATA[Element is visible]]>
            </line>
            <line>
              <![CDATA[Req page is displayed]]>
            </line>
            <line>
              <![CDATA[Test:TestA is Pass ]]>
            </line>
          </reporter-output>
        </test-method> <!-- TestA -->
        <test-method status="PASS" signature="closeApp(org.testng.ITestResult)[pri:0, instance:script.DemoA@1604f19]" name="closeApp" is-config="true" duration-ms="731" started-at="2018-10-12T10:26:01Z" finished-at="2018-10-12T10:26:02Z">
          <params>
            <param index="0">
              <value>
                <![CDATA[[TestResult name=TestA status=SUCCESS method=DemoA.TestA()[pri:1, instance:script.DemoA@1604f19] output=Executing A]]]>
              </value>
            </param>
          </params>
          <reporter-output>
            <line>
              <![CDATA[TestcasesTestA Status:Pass]]>
            </line>
          </reporter-output>
        </test-method> <!-- closeApp -->
      </class> <!-- script.DemoA -->
    </test> <!-- Test -->
  </suite> <!-- Suite -->
</testng-results>
